1707738388.909029 client started (14754): version 3.2a, socket /tmp/tmux-1000/default, protocol 8
1707738388.909048 on Linux 5.15.133.1-microsoft-standard-WSL2 #1 SMP Thu Oct 5 21:02:42 UTC 2023
1707738388.909053 using libevent 2.1.12-stable (poll); ncurses 6.3
1707738388.909063 flags are 0x10010000
1707738388.909065 socket is /tmp/tmux-1000/default
1707738388.909071 trying connect
1707738388.909112 add peer 0x56319a437740: 7 ((nil))
1707738388.909286 sending message 100 to peer 0x56319a437740 (4 bytes)
1707738388.909290 sending message 111 to peer 0x56319a437740 (8 bytes)
1707738388.909293 sending message 101 to peer 0x56319a437740 (16 bytes)
1707738388.909295 sending message 109 to peer 0x56319a437740 (4 bytes)
1707738388.909298 sending message 102 to peer 0x56319a437740 (11 bytes)
1707738388.909301 sending message 108 to peer 0x56319a437740 (27 bytes)
1707738388.909303 sending message 112 to peer 0x56319a437740 (70 bytes)
1707738388.909306 sending message 112 to peer 0x56319a437740 (5 bytes)
1707738388.909309 sending message 112 to peer 0x56319a437740 (5 bytes)
1707738388.909311 sending message 112 to peer 0x56319a437740 (6 bytes)
1707738388.909314 sending message 112 to peer 0x56319a437740 (6 bytes)
1707738388.909316 sending message 112 to peer 0x56319a437740 (11 bytes)
1707738388.909319 sending message 112 to peer 0x56319a437740 (10 bytes)
1707738388.909321 sending message 112 to peer 0x56319a437740 (13 bytes)
1707738388.909324 sending message 112 to peer 0x56319a437740 (13 bytes)
1707738388.909326 sending message 112 to peer 0x56319a437740 (18 bytes)
1707738388.909329 sending message 112 to peer 0x56319a437740 (11 bytes)
1707738388.909332 sending message 112 to peer 0x56319a437740 (21 bytes)
1707738388.909334 sending message 112 to peer 0x56319a437740 (13 bytes)
1707738388.909337 sending message 112 to peer 0x56319a437740 (7 bytes)
1707738388.909339 sending message 112 to peer 0x56319a437740 (13 bytes)
1707738388.909342 sending message 112 to peer 0x56319a437740 (7 bytes)
1707738388.909345 sending message 112 to peer 0x56319a437740 (13 bytes)
1707738388.909347 sending message 112 to peer 0x56319a437740 (9 bytes)
1707738388.909350 sending message 112 to peer 0x56319a437740 (21 bytes)
1707738388.909352 sending message 112 to peer 0x56319a437740 (13 bytes)
1707738388.909354 sending message 112 to peer 0x56319a437740 (8 bytes)
1707738388.909357 sending message 112 to peer 0x56319a437740 (12 bytes)
1707738388.909359 sending message 112 to peer 0x56319a437740 (13 bytes)
1707738388.909362 sending message 112 to peer 0x56319a437740 (9 bytes)
1707738388.909364 sending message 112 to peer 0x56319a437740 (9 bytes)
1707738388.909367 sending message 112 to peer 0x56319a437740 (12 bytes)
1707738388.909369 sending message 112 to peer 0x56319a437740 (8 bytes)
1707738388.909372 sending message 112 to peer 0x56319a437740 (7 bytes)
1707738388.909374 sending message 112 to peer 0x56319a437740 (7 bytes)
1707738388.909377 sending message 112 to peer 0x56319a437740 (9 bytes)
1707738388.909379 sending message 112 to peer 0x56319a437740 (13 bytes)
1707738388.909382 sending message 112 to peer 0x56319a437740 (9 bytes)
1707738388.909384 sending message 112 to peer 0x56319a437740 (15 bytes)
1707738388.909386 sending message 112 to peer 0x56319a437740 (13 bytes)
1707738388.909389 sending message 112 to peer 0x56319a437740 (12 bytes)
1707738388.909391 sending message 112 to peer 0x56319a437740 (8 bytes)
1707738388.909394 sending message 112 to peer 0x56319a437740 (14 bytes)
1707738388.909396 sending message 112 to peer 0x56319a437740 (9 bytes)
1707738388.909399 sending message 112 to peer 0x56319a437740 (10 bytes)
1707738388.909401 sending message 112 to peer 0x56319a437740 (10 bytes)
1707738388.909404 sending message 112 to peer 0x56319a437740 (10 bytes)
1707738388.909406 sending message 112 to peer 0x56319a437740 (10 bytes)
1707738388.909408 sending message 112 to peer 0x56319a437740 (11 bytes)
1707738388.909411 sending message 112 to peer 0x56319a437740 (10 bytes)
1707738388.909413 sending message 112 to peer 0x56319a437740 (8 bytes)
1707738388.909416 sending message 112 to peer 0x56319a437740 (11 bytes)
1707738388.909422 sending message 112 to peer 0x56319a437740 (11 bytes)
1707738388.909425 sending message 112 to peer 0x56319a437740 (11 bytes)
1707738388.909428 sending message 112 to peer 0x56319a437740 (8 bytes)
1707738388.909430 sending message 112 to peer 0x56319a437740 (8 bytes)
1707738388.909433 sending message 112 to peer 0x56319a437740 (8 bytes)
1707738388.909435 sending message 112 to peer 0x56319a437740 (10 bytes)
1707738388.909438 sending message 112 to peer 0x56319a437740 (10 bytes)
1707738388.909440 sending message 112 to peer 0x56319a437740 (10 bytes)
1707738388.909443 sending message 112 to peer 0x56319a437740 (10 bytes)
1707738388.909445 sending message 112 to peer 0x56319a437740 (10 bytes)
1707738388.909448 sending message 112 to peer 0x56319a437740 (11 bytes)
1707738388.909450 sending message 112 to peer 0x56319a437740 (11 bytes)
1707738388.909453 sending message 112 to peer 0x56319a437740 (10 bytes)
1707738388.909456 sending message 112 to peer 0x56319a437740 (9 bytes)
1707738388.909458 sending message 112 to peer 0x56319a437740 (9 bytes)
1707738388.909461 sending message 112 to peer 0x56319a437740 (12 bytes)
1707738388.909463 sending message 112 to peer 0x56319a437740 (9 bytes)
1707738388.909466 sending message 112 to peer 0x56319a437740 (6 bytes)
1707738388.909468 sending message 112 to peer 0x56319a437740 (13 bytes)
1707738388.909471 sending message 112 to peer 0x56319a437740 (8 bytes)
1707738388.909473 sending message 112 to peer 0x56319a437740 (15 bytes)
1707738388.909476 sending message 112 to peer 0x56319a437740 (13 bytes)
1707738388.909479 sending message 112 to peer 0x56319a437740 (70 bytes)
1707738388.909481 sending message 112 to peer 0x56319a437740 (69 bytes)
1707738388.909484 sending message 112 to peer 0x56319a437740 (10 bytes)
1707738388.909486 sending message 112 to peer 0x56319a437740 (8 bytes)
1707738388.909489 sending message 112 to peer 0x56319a437740 (15 bytes)
1707738388.909491 sending message 112 to peer 0x56319a437740 (13 bytes)
1707738388.909493 sending message 112 to peer 0x56319a437740 (10 bytes)
1707738388.909496 sending message 112 to peer 0x56319a437740 (10 bytes)
1707738388.909514 sending message 112 to peer 0x56319a437740 (5 bytes)
1707738388.909519 sending message 112 to peer 0x56319a437740 (15 bytes)
1707738388.909522 sending message 104 to peer 0x56319a437740 (0 bytes)
1707738388.909525 sending message 110 to peer 0x56319a437740 (0 bytes)
1707738388.909528 sending message 107 to peer 0x56319a437740 (4 bytes)
1707738388.909531 sending message 105 to peer 0x56319a437740 (43 bytes)
1707738388.909534 sending message 105 to peer 0x56319a437740 (44 bytes)
1707738388.909536 sending message 105 to peer 0x56319a437740 (54 bytes)
1707738388.909539 sending message 105 to peer 0x56319a437740 (11 bytes)
1707738388.909541 sending message 105 to peer 0x56319a437740 (21 bytes)
1707738388.909543 sending message 105 to peer 0x56319a437740 (37 bytes)
1707738388.909546 sending message 105 to peer 0x56319a437740 (19 bytes)
1707738388.909549 sending message 105 to peer 0x56319a437740 (16 bytes)
1707738388.909551 sending message 105 to peer 0x56319a437740 (52 bytes)
1707738388.909554 sending message 105 to peer 0x56319a437740 (60 bytes)
1707738388.909556 sending message 105 to peer 0x56319a437740 (22 bytes)
1707738388.909558 sending message 105 to peer 0x56319a437740 (13 bytes)
1707738388.909561 sending message 105 to peer 0x56319a437740 (16 bytes)
1707738388.909563 sending message 105 to peer 0x56319a437740 (48 bytes)
1707738388.909566 sending message 105 to peer 0x56319a437740 (16 bytes)
1707738388.909569 sending message 105 to peer 0x56319a437740 (39 bytes)
1707738388.909571 sending message 105 to peer 0x56319a437740 (52 bytes)
1707738388.909574 sending message 105 to peer 0x56319a437740 (1658 bytes)
1707738388.909587 sending message 105 to peer 0x56319a437740 (40 bytes)
1707738388.909590 sending message 105 to peer 0x56319a437740 (31 bytes)
1707738388.909592 sending message 105 to peer 0x56319a437740 (46 bytes)
1707738388.909595 sending message 105 to peer 0x56319a437740 (19 bytes)
1707738388.909603 sending message 105 to peer 0x56319a437740 (8 bytes)
1707738388.909605 sending message 105 to peer 0x56319a437740 (21 bytes)
1707738388.909608 sending message 105 to peer 0x56319a437740 (18 bytes)
1707738388.909610 sending message 105 to peer 0x56319a437740 (26 bytes)
1707738388.909613 sending message 105 to peer 0x56319a437740 (34 bytes)
1707738388.909615 sending message 105 to peer 0x56319a437740 (13 bytes)
1707738388.909618 sending message 105 to peer 0x56319a437740 (65 bytes)
1707738388.909622 sending message 105 to peer 0x56319a437740 (13 bytes)
1707738388.909625 sending message 105 to peer 0x56319a437740 (26 bytes)
1707738388.909628 sending message 105 to peer 0x56319a437740 (24 bytes)
1707738388.909630 sending message 105 to peer 0x56319a437740 (33 bytes)
1707738388.909633 sending message 105 to peer 0x56319a437740 (29 bytes)
1707738388.909636 sending message 105 to peer 0x56319a437740 (33 bytes)
1707738388.909639 sending message 105 to peer 0x56319a437740 (53 bytes)
1707738388.909642 sending message 105 to peer 0x56319a437740 (48 bytes)
1707738388.909645 sending message 105 to peer 0x56319a437740 (36 bytes)
1707738388.909648 sending message 105 to peer 0x56319a437740 (38 bytes)
1707738388.909651 sending message 105 to peer 0x56319a437740 (41 bytes)
1707738388.909654 sending message 105 to peer 0x56319a437740 (32 bytes)
1707738388.909656 sending message 105 to peer 0x56319a437740 (42 bytes)
1707738388.909659 sending message 105 to peer 0x56319a437740 (37 bytes)
1707738388.909662 sending message 105 to peer 0x56319a437740 (39 bytes)
1707738388.909665 sending message 105 to peer 0x56319a437740 (30 bytes)
1707738388.909668 sending message 105 to peer 0x56319a437740 (39 bytes)
1707738388.909671 sending message 105 to peer 0x56319a437740 (16 bytes)
1707738388.909674 sending message 105 to peer 0x56319a437740 (109 bytes)
1707738388.909677 sending message 105 to peer 0x56319a437740 (17 bytes)
1707738388.909680 sending message 105 to peer 0x56319a437740 (31 bytes)
1707738388.909683 sending message 105 to peer 0x56319a437740 (44 bytes)
1707738388.909685 sending message 105 to peer 0x56319a437740 (10 bytes)
1707738388.909688 sending message 105 to peer 0x56319a437740 (17 bytes)
1707738388.909691 sending message 105 to peer 0x56319a437740 (650 bytes)
1707738388.909694 sending message 105 to peer 0x56319a437740 (19 bytes)
1707738388.909697 sending message 105 to peer 0x56319a437740 (47 bytes)
1707738388.909700 sending message 105 to peer 0x56319a437740 (19 bytes)
1707738388.909703 sending message 105 to peer 0x56319a437740 (46 bytes)
1707738388.909706 sending message 105 to peer 0x56319a437740 (56 bytes)
1707738388.909709 sending message 105 to peer 0x56319a437740 (14 bytes)
1707738388.909711 sending message 105 to peer 0x56319a437740 (30 bytes)
1707738388.909714 sending message 106 to peer 0x56319a437740 (0 bytes)
1707738388.909719 sending message 200 to peer 0x56319a437740 (4 bytes)
1707738388.909722 client loop enter
1707738388.911122 peer 0x56319a437740 message 303
1707738388.911134 open write file 2 -
1707738388.911143 sending message 305 to peer 0x56319a437740 (8 bytes)
1707738388.911152 write check file 2
1707738388.911389 peer 0x56319a437740 message 304
1707738388.911404 write 58 to file 2
1707738388.911410 peer 0x56319a437740 message 203
1707738388.911414 file 2 58 bytes left
1707738388.911449 write check file 2
1707738388.911455 client loop exit
